<?xml version="1.0" encoding="UTF-8"?>
<!-- Generated by org.testng.reporters.JUnitReportReporter -->
<testsuite hostname="DESKTOP-KDQFS4P" failures="0" tests="1" name="com.bridgelabz.PostTest" time="6.767" errors="0" timestamp="2022-02-24T22:52:05 IST" skipped="0">
  <testcase classname="com.bridgelabz.PostTest" name="postTest" time="6.767"/>
  <system-out/>
</testsuite> <!-- com.bridgelabz.PostTest -->
