<?xml version="1.0" encoding="UTF-8"?>
<!-- Generated by org.testng.reporters.JUnitReportReporter -->
<testsuite hostname="DESKTOP-KDQFS4P" failures="0" tests="1" name="com.bridgelabz.APITestBDD" time="5.448" errors="0" timestamp="2022-02-22T23:12:42 IST" skipped="0">
  <testcase classname="com.bridgelabz.APITestBDD" name="getTest" time="5.448"/>
  <system-out/>
</testsuite> <!-- com.bridgelabz.APITestBDD -->
