<?xml version="1.0" encoding="UTF-8"?>
<!-- Generated by org.testng.reporters.JUnitReportReporter -->
<testsuite hostname="DESKTOP-KDQFS4P" failures="0" tests="1" name="com.bridgelabz.TestApi" time="3.961" errors="0" timestamp="2022-02-22T14:48:21 IST" skipped="0">
  <testcase classname="com.bridgelabz.TestApi" name="getTest" time="3.961"/>
  <system-out/>
</testsuite> <!-- com.bridgelabz.TestApi -->
