<?xml version="1.0" encoding="UTF-8"?>
<!-- Generated by org.testng.reporters.JUnitReportReporter -->
<testsuite hostname="DESKTOP-KDQFS4P" failures="0" tests="1" name="com.bridgelabz.TestApi" time="9.808" errors="0" timestamp="2022-02-22T22:57:31 IST" skipped="0">
  <testcase classname="com.bridgelabz.TestApi" name="getTest" time="9.808"/>
  <system-out/>
</testsuite> <!-- com.bridgelabz.TestApi -->
